<?xml version="1.0" encoding="UTF-8"?>
<!-- Generated by org.testng.reporters.JUnitReportReporter -->
<testsuite hostname="DESKTOP-KCMFPLI" failures="0" tests="1" name="SeleniumEasy.AlertsModals" time="0.193" errors="0" timestamp="2021-04-24T21:48:04 IST" skipped="0">
  <testcase classname="SeleniumEasy.AlertsModals" name="BootstrapModal" time="0.193"/>
  <system-out/>
</testsuite> <!-- SeleniumEasy.AlertsModals -->
