<?xml version="1.0" encoding="UTF-8"?>
<!-- Generated by org.testng.reporters.JUnitReportReporter -->
<testsuite hostname="DESKTOP-KCMFPLI" failures="0" tests="3" name="util.ExcelDataProvider" time="9.259" errors="0" timestamp="2021-04-25T18:40:51 IST" skipped="0">
  <testcase classname="util.ExcelDataProvider" name="test1" time="2.693"/>
  <system-out/>
  <testcase classname="util.ExcelDataProvider" name="test1" time="3.687"/>
  <system-out/>
  <testcase classname="util.ExcelDataProvider" name="test1" time="2.879"/>
  <system-out/>
</testsuite> <!-- util.ExcelDataProvider -->
